This is pdfTeX, Version 3.14159265-2.6-1.40.20 (TeX Live 2019/Debian) (preloaded format=pdflatex 2022.1.10)  10 JAN 2022 01:38
entering extended mode
 restricted \write18 enabled.
 file:line:error style messages enabled.
 %&-line parsing enabled.
**/home/matheus/latex_projetos/apostila_introducao/main.tex
(/home/matheus/latex_projetos/apostila_introducao/main.tex
LaTeX2e <2020-02-02> patch level 2
L3 programming layer <2020-02-14> (/usr/share/texlive/texmf-dist/tex/latex/base/book.cls
Document Class: book 2019/12/20 v1.4l Standard LaTeX document class
(/usr/share/texlive/texmf-dist/tex/latex/base/bk12.clo
File: bk12.clo 2019/12/20 v1.4l Standard LaTeX file (size option)
)
\c@part=\count167
\c@chapter=\count168
\c@section=\count169
\c@subsection=\count170
\c@subsubsection=\count171
\c@paragraph=\count172
\c@subparagraph=\count173
\c@figure=\count174
\c@table=\count175
\abovecaptionskip=\skip47
\belowcaptionskip=\skip48
\bibindent=\dimen134
) (/usr/share/texlive/texmf-dist/tex/latex/base/inputenc.sty
Package: inputenc 2018/08/11 v1.3c Input encoding file
\inpenc@prehook=\toks14
\inpenc@posthook=\toks15
) (/usr/share/texlive/texmf-dist/tex/generic/babel/babel.sty
Package: babel 2020/02/14 3.40 The Babel package
 (/usr/share/texlive/texmf-dist/tex/generic/babel/switch.def
File: switch.def 2020/02/14 3.40 Babel switching mechanism
) (/usr/share/texlive/texmf-dist/tex/generic/babel-portuges/portuges.ldf
Language: portuges 2008/03/18 v1.2q Portuguese support from the babel system
 (/usr/share/texlive/texmf-dist/tex/generic/babel/babel.def
File: babel.def 2020/02/14 3.40 Babel common definitions
\babel@savecnt=\count176
\U@D=\dimen135
 (/usr/share/texlive/texmf-dist/tex/generic/babel/txtbabel.def)
\bbl@readstream=\read2
\bbl@dirlevel=\count177
)
Package babel Info: \l@brazil = using hyphenrules for portuguese
(babel)             (\language6) on input line 113.
Package babel Info: Making " an active character on input line 145.
)) (/usr/share/texlive/texmf-dist/tex/latex/base/fontenc.sty
Package: fontenc 2020/02/11 v2.0o Standard LaTeX package
) (/usr/share/texlive/texmf-dist/tex/latex/amsmath/amsmath.sty
Package: amsmath 2020/01/20 v2.17e AMS math features
\@mathmargin=\skip49

For additional information on amsmath, use the `?' option.
(/usr/share/texlive/texmf-dist/tex/latex/amsmath/amstext.sty
Package: amstext 2000/06/29 v2.01 AMS text
 (/usr/share/texlive/texmf-dist/tex/latex/amsmath/amsgen.sty
File: amsgen.sty 1999/11/30 v2.0 generic functions
\@emptytoks=\toks16
\ex@=\dimen136
)) (/usr/share/texlive/texmf-dist/tex/latex/amsmath/amsbsy.sty
Package: amsbsy 1999/11/29 v1.2d Bold Symbols
\pmbraise@=\dimen137
) (/usr/share/texlive/texmf-dist/tex/latex/amsmath/amsopn.sty
Package: amsopn 2016/03/08 v2.02 operator names
)
\inf@bad=\count178
LaTeX Info: Redefining \frac on input line 227.
\uproot@=\count179
\leftroot@=\count180
LaTeX Info: Redefining \overline on input line 389.
\classnum@=\count181
\DOTSCASE@=\count182
LaTeX Info: Redefining \ldots on input line 486.
LaTeX Info: Redefining \dots on input line 489.
LaTeX Info: Redefining \cdots on input line 610.
\Mathstrutbox@=\box45
\strutbox@=\box46
\big@size=\dimen138
LaTeX Font Info:    Redeclaring font encoding OML on input line 733.
LaTeX Font Info:    Redeclaring font encoding OMS on input line 734.
\macc@depth=\count183
\c@MaxMatrixCols=\count184
\dotsspace@=\muskip16
\c@parentequation=\count185
\dspbrk@lvl=\count186
\tag@help=\toks17
\row@=\count187
\column@=\count188
\maxfields@=\count189
\andhelp@=\toks18
\eqnshift@=\dimen139
\alignsep@=\dimen140
\tagshift@=\dimen141
\tagwidth@=\dimen142
\totwidth@=\dimen143
\lineht@=\dimen144
\@envbody=\toks19
\multlinegap=\skip50
\multlinetaggap=\skip51
\mathdisplay@stack=\toks20
LaTeX Info: Redefining \[ on input line 2859.
LaTeX Info: Redefining \] on input line 2860.
) (/usr/share/texlive/texmf-dist/tex/latex/amsfonts/amsfonts.sty
Package: amsfonts 2013/01/14 v3.01 Basic AMSFonts support
\symAMSa=\mathgroup4
\symAMSb=\mathgroup5
LaTeX Font Info:    Redeclaring math symbol \hbar on input line 98.
LaTeX Font Info:    Overwriting math alphabet `\mathfrak' in version `bold'
(Font)                  U/euf/m/n --> U/euf/b/n on input line 106.
) (/usr/share/texlive/texmf-dist/tex/latex/amsfonts/amssymb.sty
Package: amssymb 2013/01/14 v3.01 AMS font symbols
) (/usr/share/texlive/texmf-dist/tex/latex/base/makeidx.sty
Package: makeidx 2014/09/29 v1.0m Standard LaTeX package
) (/usr/share/texlive/texmf-dist/tex/latex/graphics/graphicx.sty
Package: graphicx 2019/11/30 v1.2a Enhanced LaTeX Graphics (DPC,SPQR)
 (/usr/share/texlive/texmf-dist/tex/latex/graphics/keyval.sty
Package: keyval 2014/10/28 v1.15 key=value parser (DPC)
\KV@toks@=\toks21
) (/usr/share/texlive/texmf-dist/tex/latex/graphics/graphics.sty
Package: graphics 2019/11/30 v1.4a Standard LaTeX Graphics (DPC,SPQR)
 (/usr/share/texlive/texmf-dist/tex/latex/graphics/trig.sty
Package: trig 2016/01/03 v1.10 sin cos tan (DPC)
) (/usr/share/texlive/texmf-dist/tex/latex/graphics-cfg/graphics.cfg
File: graphics.cfg 2016/06/04 v1.11 sample graphics configuration
)
Package graphics Info: Driver file: pdftex.def on input line 105.
 (/usr/share/texlive/texmf-dist/tex/latex/graphics-def/pdftex.def
File: pdftex.def 2018/01/08 v1.0l Graphics/color driver for pdftex
))
\Gin@req@height=\dimen145
\Gin@req@width=\dimen146
) (/usr/share/texlive/texmf-dist/tex/generic/xypic/xy.sty (/usr/share/texlive/texmf-dist/tex/generic/xypic/xy.tex Bootstrap'ing: catcodes, docmode, (/usr/share/texlive/texmf-dist/tex/generic/xypic/xyrecat.tex) (/usr/share/texlive/texmf-dist/tex/generic/xypic/xyidioms.tex)

 Xy-pic version 3.8.9 <2013/10/06>
 Copyright (c) 1991-2013 by Kristoffer H. Rose <krisrose@tug.org> and others
 Xy-pic is free software: see the User's Guide for details.

Loading kernel: messages; fonts; allocations: state,
\X@c=\dimen147
\Y@c=\dimen148
\U@c=\dimen149
\D@c=\dimen150
\L@c=\dimen151
\R@c=\dimen152
\Edge@c=\toks22
\X@p=\dimen153
\Y@p=\dimen154
\U@p=\dimen155
\D@p=\dimen156
\L@p=\dimen157
\R@p=\dimen158
\Edge@p=\toks23
\X@origin=\dimen159
\Y@origin=\dimen160
\X@xbase=\dimen161
\Y@xbase=\dimen162
\X@ybase=\dimen163
\Y@ybase=\dimen164
\X@min=\dimen165
\Y@min=\dimen166
\X@max=\dimen167
\Y@max=\dimen168
\lastobjectbox@=\box47
\zerodotbox@=\box48
\almostz@=\dimen169
 direction,
\d@X=\dimen170
\d@Y=\dimen171
\K@=\count190
\KK@=\count191
\Direction=\count192
\K@dXdY=\dimen172
\K@dYdX=\dimen173
\xyread@=\read3
\xywrite@=\write3
\csp@=\count193
\quotPTK@=\dimen174
 utility macros; pictures: \xy, positions,
\swaptoks@@=\toks24
\connectobjectbox@@=\box49
 objects,
\styletoks@=\toks25
 decorations; kernel objects: directionals, circles, text; options; algorithms: directions, edges, connections;  Xy-pic loaded) (/usr/share/texlive/texmf-dist/tex/generic/iftex/ifpdf.sty
Package: ifpdf 2019/10/25 v3.4 ifpdf legacy package. Use iftex instead.
 (/usr/share/texlive/texmf-dist/tex/generic/iftex/iftex.sty
Package: iftex 2019/11/07 v1.0c TeX engine tests
))
Package: xy 2013/10/06 Xy-pic version 3.8.9
 (/usr/share/texlive/texmf-dist/tex/generic/xypic/xyall.tex  Xy-pic option: All features v.3.8 (/usr/share/texlive/texmf-dist/tex/generic/xypic/xycurve.tex  Xy-pic option: Curve and Spline extension v.3.12 curve,
\crv@cnt@=\count194
\crvpts@=\toks26
\splinebox@=\box50
\splineval@=\dimen175
\splinedepth@=\dimen176
\splinetol@=\dimen177
\splinelength@=\dimen178
 circles,
\L@=\dimen179
 loaded) (/usr/share/texlive/texmf-dist/tex/generic/xypic/xyframe.tex  Xy-pic option: Frame and Bracket extension v.3.14 loaded) (/usr/share/texlive/texmf-dist/tex/generic/xypic/xycmtip.tex  Xy-pic option: Computer Modern tip extension v.3.7 (/usr/share/texlive/texmf-dist/tex/generic/xypic/xytips.tex  Xy-pic option: More Tips extension v.3.11 loaded) loaded) (/usr/share/texlive/texmf-dist/tex/generic/xypic/xyline.tex  Xy-pic option: Line styles extension v.3.10
\xylinethick@=\dimen180
 loaded) (/usr/share/texlive/texmf-dist/tex/generic/xypic/xyrotate.tex  Xy-pic option: Rotate and Scale extension v.3.8 loaded) (/usr/share/texlive/texmf-dist/tex/generic/xypic/xycolor.tex  Xy-pic option: Colour extension v.3.11 loaded) (/usr/share/texlive/texmf-dist/tex/generic/xypic/xymatrix.tex  Xy-pic option: Matrix feature v.3.14
\Row=\count195
\Col=\count196
\queue@=\toks27
\queue@@=\toks28
\qcount@=\count197
\qcount@@=\count198
\matrixsize@=\count199
 loaded) (/usr/share/texlive/texmf-dist/tex/generic/xypic/xyarrow.tex  Xy-pic option: Arrow and Path feature v.3.9 path, \ar, loaded) (/usr/share/texlive/texmf-dist/tex/generic/xypic/xygraph.tex  Xy-pic option: Graph feature v.3.11 loaded) loaded) (/usr/share/texlive/texmf-dist/tex/generic/xypic/xypdf.tex  Xy-pic option: PDF driver v.1.7 Xy-pic pdf driver: `color' extension support (/usr/share/texlive/texmf-dist/tex/generic/xypic/xypdf-co.tex loaded) Xy-pic pdf driver: `curve' extension support (/usr/share/texlive/texmf-dist/tex/generic/xypic/xypdf-cu.tex loaded) Xy-pic pdf driver: `frame' extension support (/usr/share/texlive/texmf-dist/tex/generic/xypic/xypdf-fr.tex loaded) Xy-pic pdf driver: `line' extension support (/usr/share/texlive/texmf-dist/tex/generic/xypic/xypdf-li.tex loaded) Xy-pic pdf driver: `rotate' extension support (/usr/share/texlive/texmf-dist/tex/generic/xypic/xypdf-ro.tex loaded) loaded)) (/usr/share/texlive/texmf-dist/tex/latex/float/float.sty
Package: float 2001/11/08 v1.3d Float enhancements (AL)
\c@float@type=\count266
\float@exts=\toks29
\float@box=\box51
\@float@everytoks=\toks30
\@floatcapt=\box52
) (/usr/share/texlive/texmf-dist/tex/latex/geometry/geometry.sty
Package: geometry 2020/01/02 v5.9 Page Geometry
 (/usr/share/texlive/texmf-dist/tex/generic/iftex/ifvtex.sty
Package: ifvtex 2019/10/25 v1.7 ifvtex legacy package. Use iftex instead.
)
\Gm@cnth=\count267
\Gm@cntv=\count268
\c@Gm@tempcnt=\count269
\Gm@bindingoffset=\dimen181
\Gm@wd@mp=\dimen182
\Gm@odd@mp=\dimen183
\Gm@even@mp=\dimen184
\Gm@layoutwidth=\dimen185
\Gm@layoutheight=\dimen186
\Gm@layouthoffset=\dimen187
\Gm@layoutvoffset=\dimen188
\Gm@dimlist=\toks31
) (/usr/share/texlive/texmf-dist/tex/latex/l3backend/l3backend-pdfmode.def
File: l3backend-pdfmode.def 2020-02-03 L3 backend support: PDF mode
\l__kernel_color_stack_int=\count270
\l__pdf_internal_box=\box53
) (/home/matheus/latex_projetos/apostila_introducao/main.aux)
\openout1 = `main.aux'.

LaTeX Font Info:    Checking defaults for OML/cmm/m/it on input line 19.
LaTeX Font Info:    ... okay on input line 19.
LaTeX Font Info:    Checking defaults for OMS/cmsy/m/n on input line 19.
LaTeX Font Info:    ... okay on input line 19.
LaTeX Font Info:    Checking defaults for OT1/cmr/m/n on input line 19.
LaTeX Font Info:    ... okay on input line 19.
LaTeX Font Info:    Checking defaults for T1/cmr/m/n on input line 19.
LaTeX Font Info:    ... okay on input line 19.
LaTeX Font Info:    Checking defaults for TS1/cmr/m/n on input line 19.
LaTeX Font Info:    ... okay on input line 19.
LaTeX Font Info:    Checking defaults for OMX/cmex/m/n on input line 19.
LaTeX Font Info:    ... okay on input line 19.
LaTeX Font Info:    Checking defaults for U/cmr/m/n on input line 19.
LaTeX Font Info:    ... okay on input line 19.
 (/usr/share/texlive/texmf-dist/tex/context/base/mkii/supp-pdf.mkii
[Loading MPS to PDF converter (version 2006.09.02).]
\scratchcounter=\count271
\scratchdimen=\dimen189
\scratchbox=\box54
\nofMPsegments=\count272
\nofMParguments=\count273
\everyMPshowfont=\toks32
\MPscratchCnt=\count274
\MPscratchDim=\dimen190
\MPnumerator=\count275
\makeMPintoPDFobject=\count276
\everyMPtoPDFconversion=\toks33
) (/usr/share/texlive/texmf-dist/tex/latex/epstopdf-pkg/epstopdf-base.sty
Package: epstopdf-base 2020-01-24 v2.11 Base part for package epstopdf
Package epstopdf-base Info: Redefining graphics rule for `.eps' on input line 485.
 (/usr/share/texlive/texmf-dist/tex/latex/latexconfig/epstopdf-sys.cfg
File: epstopdf-sys.cfg 2010/07/13 v1.3 Configuration of (r)epstopdf for TeX Live
))
LaTeX Font Info:    Trying to load font information for U+msa on input line 19.
 (/usr/share/texlive/texmf-dist/tex/latex/amsfonts/umsa.fd
File: umsa.fd 2013/01/14 v3.01 AMS symbols A
)
LaTeX Font Info:    Trying to load font information for U+msb on input line 19.
 (/usr/share/texlive/texmf-dist/tex/latex/amsfonts/umsb.fd
File: umsb.fd 2013/01/14 v3.01 AMS symbols B
)
Package xypdf Info: Line width: 0.47998pt on input line 19.

*geometry* driver: auto-detecting
*geometry* detected driver: pdftex
*geometry* verbose mode - [ preamble ] result:
* driver: pdftex
* paper: a4paper
* layout: <same size as paper>
* layoutoffset:(h,v)=(0.0pt,0.0pt)
* modes: twoside 
* h-part:(L,W,R)=(56.9055pt, 483.69687pt, 56.9055pt)
* v-part:(T,H,B)=(56.9055pt, 731.23584pt, 56.9055pt)
* \paperwidth=597.50787pt
* \paperheight=845.04684pt
* \textwidth=483.69687pt
* \textheight=731.23584pt
* \oddsidemargin=-15.36449pt
* \evensidemargin=-15.36449pt
* \topmargin=-47.23828pt
* \headheight=12.0pt
* \headsep=19.8738pt
* \topskip=12.0pt
* \footskip=30.0pt
* \marginparwidth=88.0pt
* \marginparsep=7.0pt
* \columnsep=10.0pt
* \skip\footins=10.8pt plus 4.0pt minus 2.0pt
* \hoffset=0.0pt
* \voffset=0.0pt
* \mag=1000
* \@twocolumnfalse
* \@twosidetrue
* \@mparswitchtrue
* \@reversemarginfalse
* (1in=72.27pt=25.4mm, 1cm=28.453pt)


LaTeX Warning: No \author given.

[1


{/var/lib/texmf/fonts/map/pdftex/updmap/pdftex.map}] [2

]
No file main.toc.
\tf@toc=\write4
\openout4 = `main.toc'.

[3]
\openout2 = `conjuntos.aux'.

 (/home/matheus/latex_projetos/apostila_introducao/conjuntos.tex [4


]
Cap\'{\i }tulo 1.
[5]
<imagens/conjunto-reais.png, id=32, 64.8021pt x 70.46326pt>
File: imagens/conjunto-reais.png Graphic file (type png)
<use imagens/conjunto-reais.png>
Package pdftex.def Info: imagens/conjunto-reais.png  used on input line 58.
(pdftex.def)             Requested size: 226.80673pt x 246.62076pt.


/home/matheus/latex_projetos/apostila_introducao/conjuntos.tex:67: LaTeX Error: Something's wrong--perhaps a missing \item.

See the LaTeX manual or LaTeX Companion for explanation.
Type  H <return>  for immediate help.
 ...                                              
                                                  
l.67 \begin{center}
                   
Try typing  <return>  to proceed.
If that doesn't work, type  X <return>  to quit.

<imagens/intervalo-aberto.png, id=34, 70.22235pt x 34.81004pt>
File: imagens/intervalo-aberto.png Graphic file (type png)
<use imagens/intervalo-aberto.png>
Package pdftex.def Info: imagens/intervalo-aberto.png  used on input line 75.
(pdftex.def)             Requested size: 245.77759pt x 121.83478pt.
<imagens/intervalo-fechado.png, id=35, 70.22235pt x 34.81004pt>
File: imagens/intervalo-fechado.png Graphic file (type png)
<use imagens/intervalo-fechado.png>
Package pdftex.def Info: imagens/intervalo-fechado.png  used on input line 87.
(pdftex.def)             Requested size: 245.77759pt x 121.83478pt.
[6 </home/matheus/latex_projetos/apostila_introducao/imagens/conjunto-reais.png> </home/matheus/latex_projetos/apostila_introducao/imagens/intervalo-aberto.png>]
<imagens/intervalo-fechado-esquerda.png, id=41, 70.22235pt x 34.81004pt>
File: imagens/intervalo-fechado-esquerda.png Graphic file (type png)
<use imagens/intervalo-fechado-esquerda.png>
Package pdftex.def Info: imagens/intervalo-fechado-esquerda.png  used on input line 98.
(pdftex.def)             Requested size: 245.77759pt x 121.83478pt.
<imagens/intervalo-fechado-direita.png, id=42, 70.22235pt x 34.81004pt>
File: imagens/intervalo-fechado-direita.png Graphic file (type png)
<use imagens/intervalo-fechado-direita.png>
Package pdftex.def Info: imagens/intervalo-fechado-direita.png  used on input line 110.
(pdftex.def)             Requested size: 245.77759pt x 121.83478pt.
<imagens/semi-b-esquerda-fechada.png, id=43, 70.22235pt x 34.81004pt>
File: imagens/semi-b-esquerda-fechada.png Graphic file (type png)
<use imagens/semi-b-esquerda-fechada.png>
Package pdftex.def Info: imagens/semi-b-esquerda-fechada.png  used on input line 122.
(pdftex.def)             Requested size: 245.77759pt x 121.83478pt.
 [7 </home/matheus/latex_projetos/apostila_introducao/imagens/intervalo-fechado.png> </home/matheus/latex_projetos/apostila_introducao/imagens/intervalo-fechado-esquerda.png> </home/matheus/latex_projetos/apostila_introducao/imagens/intervalo-fechado-direita.png>]
<imagens/semi-b-esquerda-aberta.png, id=51, 70.22235pt x 34.81004pt>
File: imagens/semi-b-esquerda-aberta.png Graphic file (type png)
<use imagens/semi-b-esquerda-aberta.png>
Package pdftex.def Info: imagens/semi-b-esquerda-aberta.png  used on input line 134.
(pdftex.def)             Requested size: 245.77759pt x 121.83478pt.
<imagens/semi-a-direita-fechada.png, id=52, 70.22235pt x 34.81004pt>
File: imagens/semi-a-direita-fechada.png Graphic file (type png)
<use imagens/semi-a-direita-fechada.png>
Package pdftex.def Info: imagens/semi-a-direita-fechada.png  used on input line 145.
(pdftex.def)             Requested size: 245.77759pt x 121.83478pt.
<imagens/semi-a-direita-aberta.png, id=53, 70.22235pt x 34.81004pt>
File: imagens/semi-a-direita-aberta.png Graphic file (type png)
<use imagens/semi-a-direita-aberta.png>
Package pdftex.def Info: imagens/semi-a-direita-aberta.png  used on input line 156.
(pdftex.def)             Requested size: 245.77759pt x 121.83478pt.
 [8 </home/matheus/latex_projetos/apostila_introducao/imagens/semi-b-esquerda-fechada.png> </home/matheus/latex_projetos/apostila_introducao/imagens/semi-b-esquerda-aberta.png> </home/matheus/latex_projetos/apostila_introducao/imagens/semi-a-direita-fechada.png> </home/matheus/latex_projetos/apostila_introducao/imagens/semi-a-direita-aberta.png>]
<imagens/reta-real.png, id=61, 70.22235pt x 34.81004pt>
File: imagens/reta-real.png Graphic file (type png)
<use imagens/reta-real.png>
Package pdftex.def Info: imagens/reta-real.png  used on input line 167.
(pdftex.def)             Requested size: 245.77759pt x 121.83478pt.
) [9 </home/matheus/latex_projetos/apostila_introducao/imagens/reta-real.png>]
\openout2 = `funcoes.aux'.

 (/home/matheus/latex_projetos/apostila_introducao/funcoes.tex [10



]
Cap\'{\i }tulo 2.
<imagens/funcao.png, id=69, 69.49965pt x 52.87755pt>
File: imagens/funcao.png Graphic file (type png)
<use imagens/funcao.png>
Package pdftex.def Info: imagens/funcao.png  used on input line 10.
(pdftex.def)             Requested size: 243.24812pt x 185.07094pt.
<imagens/funcao-ex1.png, id=70, 69.49965pt x 52.87755pt>
File: imagens/funcao-ex1.png Graphic file (type png)
<use imagens/funcao-ex1.png>
Package pdftex.def Info: imagens/funcao-ex1.png  used on input line 23.
(pdftex.def)             Requested size: 243.24812pt x 185.07094pt.
[11 </home/matheus/latex_projetos/apostila_introducao/imagens/funcao.png> </home/matheus/latex_projetos/apostila_introducao/imagens/funcao-ex1.png>]
<imagens/funcao-ex2.png, id=76, 69.49965pt x 52.87755pt>
File: imagens/funcao-ex2.png Graphic file (type png)
<use imagens/funcao-ex2.png>
Package pdftex.def Info: imagens/funcao-ex2.png  used on input line 41.
(pdftex.def)             Requested size: 243.24812pt x 185.07094pt.
<imagens/funcao-ex3.png, id=77, 69.49965pt x 53.60025pt>
File: imagens/funcao-ex3.png Graphic file (type png)
<use imagens/funcao-ex3.png>
Package pdftex.def Info: imagens/funcao-ex3.png  used on input line 60.
(pdftex.def)             Requested size: 243.24812pt x 187.60034pt.
 [12 </home/matheus/latex_projetos/apostila_introducao/imagens/funcao-ex2.png> </home/matheus/latex_projetos/apostila_introducao/imagens/funcao-ex3.png>]
<imagens/domi-imag.png, id=84, 69.49965pt x 53.60025pt>
File: imagens/domi-imag.png Graphic file (type png)
<use imagens/domi-imag.png>
Package pdftex.def Info: imagens/domi-imag.png  used on input line 83.
(pdftex.def)             Requested size: 243.24812pt x 187.60034pt.
<imagens/pensa-funcao.png, id=85, 58.2978pt x 37.94176pt>
File: imagens/pensa-funcao.png Graphic file (type png)
<use imagens/pensa-funcao.png>
Package pdftex.def Info: imagens/pensa-funcao.png  used on input line 109.
(pdftex.def)             Requested size: 204.04178pt x 132.79578pt.
 [13 </home/matheus/latex_projetos/apostila_introducao/imagens/domi-imag.png>]
<imagens/graf-funcao.png, id=91, 56.6115pt x 57.69556pt>
File: imagens/graf-funcao.png Graphic file (type png)
<use imagens/graf-funcao.png>
Package pdftex.def Info: imagens/graf-funcao.png  used on input line 120.
(pdftex.def)             Requested size: 198.1397pt x 201.93391pt.
) [14 </home/matheus/latex_projetos/apostila_introducao/imagens/pensa-funcao.png> </home/matheus/latex_projetos/apostila_introducao/imagens/graf-funcao.png>]
\openout2 = `introducao.aux'.

 (/home/matheus/latex_projetos/apostila_introducao/introducao.tex
Cap\'{\i }tulo 3.
\c@definicao=\count277

/home/matheus/latex_projetos/apostila_introducao/introducao.tex:46: LaTeX Error: Command \definicao already defined.
               Or name \end... illegal, see p.192 of the manual.

See the LaTeX manual or LaTeX Companion for explanation.
Type  H <return>  for immediate help.
 ...                                              
                                                  
l.46 \begin
           {definicao}
Your command was ignored.
Type  I <command> <return>  to replace it with another command,
or  <return>  to continue without it.

[15



]

/home/matheus/latex_projetos/apostila_introducao/introducao.tex:77: LaTeX Error: Command \definicao already defined.
               Or name \end... illegal, see p.192 of the manual.

See the LaTeX manual or LaTeX Companion for explanation.
Type  H <return>  for immediate help.
 ...                                              
                                                  
l.77 \begin
           {definicao}
Your command was ignored.
Type  I <command> <return>  to replace it with another command,
or  <return>  to continue without it.

[16]

/home/matheus/latex_projetos/apostila_introducao/introducao.tex:116: LaTeX Error: Command \definicao already defined.
               Or name \end... illegal, see p.192 of the manual.

See the LaTeX manual or LaTeX Companion for explanation.
Type  H <return>  for immediate help.
 ...                                              
                                                  
l.116 \begin
            {definicao}
Your command was ignored.
Type  I <command> <return>  to replace it with another command,
or  <return>  to continue without it.


Overfull \hbox (13.29202pt too wide) in paragraph at lines 124--125
[]\T1/cmr/m/n/12 Se $\OML/cmm/m/it/12 a < \OT1/cmr/m/n/12 0$ \T1/cmr/m/n/12 e $\OML/cmm/m/it/12 n$ \T1/cmr/m/n/12 é ir-ra-ci-o-nal e po-si-tivo, en-tão $\OML/cmm/m/it/12 a[]$ \T1/cmr/m/n/12 não tem sig-ni-fi-cado. Exem-plos: $\OT1/cmr/m/n/12 (\OMS/cmsy/m/n/12 ^^@\OT1/cmr/m/n/12 3)[]$\T1/cmr/m/n/12 ,$\OT1/cmr/m/n/12 (\OMS/cmsy/m/n/12 ^^@[]\OT1/cmr/m/n/12 )[]$
 []


/home/matheus/latex_projetos/apostila_introducao/introducao.tex:135: LaTeX Error: Command \definicao already defined.
               Or name \end... illegal, see p.192 of the manual.

See the LaTeX manual or LaTeX Companion for explanation.
Type  H <return>  for immediate help.
 ...                                              
                                                  
l.135 \begin
            {definicao}
Your command was ignored.
Type  I <command> <return>  to replace it with another command,
or  <return>  to continue without it.

[17] [18]
<imagens/soma-quadrado1.png, id=116, 73.59496pt x 15.8994pt>
File: imagens/soma-quadrado1.png Graphic file (type png)
<use imagens/soma-quadrado1.png>
Package pdftex.def Info: imagens/soma-quadrado1.png  used on input line 188.
(pdftex.def)             Requested size: 257.5817pt x 55.64767pt.
<imagens/soma-quadrado2.png, id=117, 78.17204pt x 75.76305pt>
File: imagens/soma-quadrado2.png Graphic file (type png)
<use imagens/soma-quadrado2.png>
Package pdftex.def Info: imagens/soma-quadrado2.png  used on input line 195.
(pdftex.def)             Requested size: 273.6014pt x 265.16997pt.
<imagens/soma-quadrado.png, id=118, 76.48575pt x 75.1608pt>
File: imagens/soma-quadrado.png Graphic file (type png)
<use imagens/soma-quadrado.png>
Package pdftex.def Info: imagens/soma-quadrado.png  used on input line 202.
(pdftex.def)             Requested size: 267.69937pt x 263.06209pt.

Underfull \vbox (badness 10000) has occurred while \output is active []

 [19 </home/matheus/latex_projetos/apostila_introducao/imagens/soma-quadrado1.png> </home/matheus/latex_projetos/apostila_introducao/imagens/soma-quadrado2.png>] [20 </home/matheus/latex_projetos/apostila_introducao/imagens/soma-quadrado.png>]) [21]
\openout2 = `geometria.aux'.

 (/home/matheus/latex_projetos/apostila_introducao/geometria.tex [22



]
Cap\'{\i }tulo 4.
<imagens/distanciaab.png, id=135, 69.49965pt x 53.60025pt>
File: imagens/distanciaab.png Graphic file (type png)
<use imagens/distanciaab.png>
Package pdftex.def Info: imagens/distanciaab.png  used on input line 13.
(pdftex.def)             Requested size: 243.24812pt x 187.60034pt.
\c@proof=\count278
<imagens/distanciad.png, id=136, 69.49965pt x 53.60025pt>
File: imagens/distanciad.png Graphic file (type png)
<use imagens/distanciad.png>
Package pdftex.def Info: imagens/distanciad.png  used on input line 26.
(pdftex.def)             Requested size: 243.24812pt x 187.60034pt.
[23 </home/matheus/latex_projetos/apostila_introducao/imagens/distanciaab.png> </home/matheus/latex_projetos/apostila_introducao/imagens/distanciad.png>]
<imagens/circunferencia1.png, id=142, 69.49965pt x 53.60025pt>
File: imagens/circunferencia1.png Graphic file (type png)
<use imagens/circunferencia1.png>
Package pdftex.def Info: imagens/circunferencia1.png  used on input line 54.
(pdftex.def)             Requested size: 243.24812pt x 187.60034pt.


/home/matheus/latex_projetos/apostila_introducao/geometria.tex:58: LaTeX Error: Command \proof already defined.
               Or name \end... illegal, see p.192 of the manual.

See the LaTeX manual or LaTeX Companion for explanation.
Type  H <return>  for immediate help.
 ...                                              
                                                  
l.58 \begin
           {proof}
Your command was ignored.
Type  I <command> <return>  to replace it with another command,
or  <return>  to continue without it.

<imagens/circunferencia2.png, id=143, 69.49965pt x 53.60025pt>
File: imagens/circunferencia2.png Graphic file (type png)
<use imagens/circunferencia2.png>
Package pdftex.def Info: imagens/circunferencia2.png  used on input line 66.
(pdftex.def)             Requested size: 243.24812pt x 187.60034pt.
[24 </home/matheus/latex_projetos/apostila_introducao/imagens/circunferencia1.png> </home/matheus/latex_projetos/apostila_introducao/imagens/circunferencia2.png>]) [25]
\openout2 = `trigonometria.aux'.

 (/home/matheus/latex_projetos/apostila_introducao/trigonometria.tex [26



]
Cap\'{\i }tulo 5.
<imagens/triangulo-retangulo.png, id=156, 68.53606pt x 46.4937pt>
File: imagens/triangulo-retangulo.png Graphic file (type png)
<use imagens/triangulo-retangulo.png>
Package pdftex.def Info: imagens/triangulo-retangulo.png  used on input line 14.
(pdftex.def)             Requested size: 239.87555pt x 162.72751pt.
\c@teorema=\count279

/home/matheus/latex_projetos/apostila_introducao/trigonometria.tex:27: LaTeX Error: Command \proof already defined.
               Or name \end... illegal, see p.192 of the manual.

See the LaTeX manual or LaTeX Companion for explanation.
Type  H <return>  for immediate help.
 ...                                              
                                                  
l.27 \begin
           {proof}
Your command was ignored.
Type  I <command> <return>  to replace it with another command,
or  <return>  to continue without it.

<imagens/pitagoras.png, id=157, 86.0013pt x 68.29515pt>
File: imagens/pitagoras.png Graphic file (type png)
<use imagens/pitagoras.png>
Package pdftex.def Info: imagens/pitagoras.png  used on input line 36.
(pdftex.def)             Requested size: 301.00374pt x 239.03238pt.

Underfull \vbox (badness 3229) has occurred while \output is active []

 [27 </home/matheus/latex_projetos/apostila_introducao/imagens/triangulo-retangulo.png>]
File: imagens/triangulo-retangulo.png Graphic file (type png)
<use imagens/triangulo-retangulo.png>
Package pdftex.def Info: imagens/triangulo-retangulo.png  used on input line 57.
(pdftex.def)             Requested size: 239.87555pt x 162.72751pt.
 [28 </home/matheus/latex_projetos/apostila_introducao/imagens/pitagoras.png>]
File: imagens/triangulo-retangulo.png Graphic file (type png)
<use imagens/triangulo-retangulo.png>
Package pdftex.def Info: imagens/triangulo-retangulo.png  used on input line 80.
(pdftex.def)             Requested size: 239.87555pt x 162.72751pt.


/home/matheus/latex_projetos/apostila_introducao/trigonometria.tex:85: LaTeX Error: Command \proof already defined.
               Or name \end... illegal, see p.192 of the manual.

See the LaTeX manual or LaTeX Companion for explanation.
Type  H <return>  for immediate help.
 ...                                              
                                                  
l.85 \begin
           {proof}
Your command was ignored.
Type  I <command> <return>  to replace it with another command,
or  <return>  to continue without it.

File: imagens/triangulo-retangulo.png Graphic file (type png)
<use imagens/triangulo-retangulo.png>
Package pdftex.def Info: imagens/triangulo-retangulo.png  used on input line 109.
(pdftex.def)             Requested size: 239.87555pt x 162.72751pt.
[29]

/home/matheus/latex_projetos/apostila_introducao/trigonometria.tex:116: Package inputenc Error: Unicode character Ì£ (U+0323)
(inputenc)                not set up for use with LaTeX.

See the inputenc package documentation for explanation.
Type  H <return>  for immediate help.
 ...                                              
                                                  
l.116 \hat{A}+\hat{B}+\hat{C}=180Ì£
                                   ^{\circ}
You may provide a definition with
\DeclareUnicodeCharacter 

<xymatrix 1x2 10> <xymatrix 1x1 6> [30]) (/home/matheus/latex_projetos/apostila_introducao/main.aux (/home/matheus/latex_projetos/apostila_introducao/conjuntos.aux) (/home/matheus/latex_projetos/apostila_introducao/funcoes.aux) (/home/matheus/latex_projetos/apostila_introducao/introducao.aux) (/home/matheus/latex_projetos/apostila_introducao/geometria.aux) (/home/matheus/latex_projetos/apostila_introducao/trigonometria.aux)) ) 
Here is how much of TeX's memory you used:
 6674 strings out of 481239
 88273 string characters out of 5920377
 387382 words of memory out of 5000000
 21757 multiletter control sequences out of 15000+600000
 554817 words of font info for 81 fonts, out of 8000000 for 9000
 1141 hyphenation exceptions out of 8191
 30i,12n,31p,3282b,307s stack positions out of 5000i,500n,10000p,200000b,80000s
{/usr/share/texmf/fonts/enc/dvips/cm-super/cm-super-t1.enc}{/usr/share/texmf/fonts/enc/dvips/cm-super/cm-super-ts1.enc}</usr/share/texlive/texmf-dist/fonts/type1/public/amsfonts/cm/cmex10.pfb></usr/share/texlive/texmf-dist/fonts/type1/public/amsfonts/cm/cmmi12.pfb></usr/share/texlive/texmf-dist/fonts/type1/public/amsfonts/cm/cmmi6.pfb></usr/share/texlive/texmf-dist/fonts/type1/public/amsfonts/cm/cmmi8.pfb></usr/share/texlive/texmf-dist/fonts/type1/public/amsfonts/cm/cmr12.pfb></usr/share/texlive/texmf-dist/fonts/type1/public/amsfonts/cm/cmr6.pfb></usr/share/texlive/texmf-dist/fonts/type1/public/amsfonts/cm/cmr8.pfb></usr/share/texlive/texmf-dist/fonts/type1/public/amsfonts/cm/cmsy10.pfb></usr/share/texlive/texmf-dist/fonts/type1/public/amsfonts/cm/cmsy6.pfb></usr/share/texlive/texmf-dist/fonts/type1/public/amsfonts/cm/cmsy8.pfb></usr/share/texlive/texmf-dist/fonts/type1/public/amsfonts/symbols/msbm10.pfb></usr/share/texmf/fonts/type1/public/cm-super/sfbi1200.pfb></usr/share/texmf/fonts/type1/public/cm-super/sfbx1200.pfb></usr/share/texmf/fonts/type1/public/cm-super/sfbx1440.pfb></usr/share/texmf/fonts/type1/public/cm-super/sfbx1728.pfb></usr/share/texmf/fonts/type1/public/cm-super/sfbx2488.pfb></usr/share/texmf/fonts/type1/public/cm-super/sfrm1200.pfb></usr/share/texmf/fonts/type1/public/cm-super/sfrm1440.pfb></usr/share/texmf/fonts/type1/public/cm-super/sfrm2074.pfb></usr/share/texmf/fonts/type1/public/cm-super/sfsl1200.pfb></usr/share/texmf/fonts/type1/public/cm-super/sfti1200.pfb>
Output written on /home/matheus/latex_projetos/apostila_introducao/main.pdf (30 pages, 532037 bytes).
PDF statistics:
 242 PDF objects out of 1000 (max. 8388607)
 135 compressed objects within 2 object streams
 0 named destinations out of 1000 (max. 500000)
 131 words of extra memory for PDF output out of 10000 (max. 10000000)

